<?xml version="1.0" encoding="UTF-8"?>
<testng-results skipped="0" failed="1" ignored="0" total="1" passed="0">
  <reporter-output>
  </reporter-output>
  <suite name="Default suite" duration-ms="21646" started-at="2023-08-01T14:58:07 IST" finished-at="2023-08-01T14:58:28 IST">
    <groups>
    </groups>
    <test name="Default test" duration-ms="21646" started-at="2023-08-01T14:58:07 IST" finished-at="2023-08-01T14:58:28 IST">
      <class name="runner.TestClass">
        <test-method status="PASS" signature="openURL()[pri:0, instance:runner.TestClass@41e1e210]" name="openURL" is-config="true" duration-ms="7824" started-at="2023-08-01T14:58:07 IST" finished-at="2023-08-01T14:58:15 IST">
          <reporter-output>
          </reporter-output>
        </test-method> <!-- openURL -->
        <test-method status="PASS" signature="loginApp()[pri:0, instance:runner.TestClass@41e1e210]" name="loginApp" is-config="true" duration-ms="10911" started-at="2023-08-01T14:58:15 IST" finished-at="2023-08-01T14:58:25 IST">
          <reporter-output>
          </reporter-output>
        </test-method> <!-- loginApp -->
        <test-method status="FAIL" signature="createAccountRunner()[pri:0, instance:runner.TestClass@41e1e210]" name="createAccountRunner" duration-ms="2853" started-at="2023-08-01T14:58:25 IST" finished-at="2023-08-01T14:58:28 IST">
          <exception class="java.lang.NullPointerException">
            <full-stacktrace>
              <![CDATA[java.lang.NullPointerException
at util.PropertiesUtil.getAccountCreationCount(PropertiesUtil.java:37)
at runner.TestClass.createAccountRunner(TestClass.java:38)
at sun.reflect.NativeMethodAccessorImpl.invoke0(Native Method)
at sun.reflect.NativeMethodAccessorImpl.invoke(NativeMethodAccessorImpl.java:62)
at sun.reflect.DelegatingMethodAccessorImpl.invoke(DelegatingMethodAccessorImpl.java:43)
at java.lang.reflect.Method.invoke(Method.java:498)
at org.testng.internal.MethodInvocationHelper.invokeMethod(MethodInvocationHelper.java:133)
at org.testng.internal.TestInvoker.invokeMethod(TestInvoker.java:598)
at org.testng.internal.TestInvoker.invokeTestMethod(TestInvoker.java:173)
at org.testng.internal.MethodRunner.runInSequence(MethodRunner.java:46)
at org.testng.internal.TestInvoker$MethodInvocationAgent.invoke(TestInvoker.java:824)
at org.testng.internal.TestInvoker.invokeTestMethods(TestInvoker.java:146)
at org.testng.internal.TestMethodWorker.invokeTestMethods(TestMethodWorker.java:146)
at org.testng.internal.TestMethodWorker.run(TestMethodWorker.java:128)
at java.util.ArrayList.forEach(ArrayList.java:1257)
at org.testng.TestRunner.privateRun(TestRunner.java:794)
at org.testng.TestRunner.run(TestRunner.java:596)
at org.testng.SuiteRunner.runTest(SuiteRunner.java:377)
at org.testng.SuiteRunner.runSequentially(SuiteRunner.java:371)
at org.testng.SuiteRunner.privateRun(SuiteRunner.java:332)
at org.testng.SuiteRunner.run(SuiteRunner.java:276)
at org.testng.SuiteRunnerWorker.runSuite(SuiteRunnerWorker.java:53)
at org.testng.SuiteRunnerWorker.run(SuiteRunnerWorker.java:96)
at org.testng.TestNG.runSuitesSequentially(TestNG.java:1212)
at org.testng.TestNG.runSuitesLocally(TestNG.java:1134)
at org.testng.TestNG.runSuites(TestNG.java:1063)
at org.testng.TestNG.run(TestNG.java:1031)
at org.testng.remote.AbstractRemoteTestNG.run(AbstractRemoteTestNG.java:115)
at org.testng.remote.RemoteTestNG.initAndRun(RemoteTestNG.java:251)
at org.testng.remote.RemoteTestNG.main(RemoteTestNG.java:77)
]]>
            </full-stacktrace>
          </exception> <!-- java.lang.NullPointerException -->
          <reporter-output>
          </reporter-output>
        </test-method> <!-- createAccountRunner -->
        <test-method status="PASS" signature="logutApp()[pri:0, instance:runner.TestClass@41e1e210]" name="logutApp" is-config="true" duration-ms="1" started-at="2023-08-01T14:58:28 IST" finished-at="2023-08-01T14:58:28 IST">
          <reporter-output>
          </reporter-output>
        </test-method> <!-- logutApp -->
        <test-method status="PASS" signature="closeBrowser()[pri:0, instance:runner.TestClass@41e1e210]" name="closeBrowser" is-config="true" duration-ms="2" started-at="2023-08-01T14:58:28 IST" finished-at="2023-08-01T14:58:28 IST">
          <reporter-output>
          </reporter-output>
        </test-method> <!-- closeBrowser -->
      </class> <!-- runner.TestClass -->
    </test> <!-- Default test -->
  </suite> <!-- Default suite -->
</testng-results>
